<?xml version="1.0" encoding="UTF-8"?>
<testng-results skipped="0" failed="0" ignored="0" total="1" passed="1">
  <reporter-output>
  </reporter-output>
  <suite name="Mercury Tours Flight Booking Application" duration-ms="21181" started-at="2020-04-29T13:34:41Z" finished-at="2020-04-29T13:35:03Z">
    <groups>
    </groups>
    <test name="Mercury Tours App Test Cases" duration-ms="21181" started-at="2020-04-29T13:34:41Z" finished-at="2020-04-29T13:35:03Z">
      <class name="com.demoaut.testcases.LoginTest">
        <test-method status="PASS" signature="SetUp()[pri:0, instance:com.demoaut.testcases.LoginTest@2df32bf7]" name="SetUp" is-config="true" duration-ms="12756" started-at="2020-04-29T19:04:42Z" finished-at="2020-04-29T19:04:54Z">
          <reporter-output>
          </reporter-output>
        </test-method> <!-- SetUp -->
        <test-method status="PASS" signature="Logintest_falseValidate(java.lang.String, java.lang.String)[pri:1, instance:com.demoaut.testcases.LoginTest@2df32bf7]" name="Logintest_falseValidate" duration-ms="2399" started-at="2020-04-29T19:04:54Z" data-provider="getData_false" finished-at="2020-04-29T19:04:57Z">
          <params>
            <param index="0">
              <value>
                <![CDATA[demo]]>
              </value>
            </param>
            <param index="1">
              <value>
                <![CDATA[demoacc]]>
              </value>
            </param>
          </params>
          <reporter-output>
          </reporter-output>
        </test-method> <!-- Logintest_falseValidate -->
        <test-method status="PASS" signature="tearDown()[pri:0, instance:com.demoaut.testcases.LoginTest@2df32bf7]" name="tearDown" is-config="true" duration-ms="828" started-at="2020-04-29T19:04:57Z" finished-at="2020-04-29T19:04:58Z">
          <reporter-output>
          </reporter-output>
        </test-method> <!-- tearDown -->
        <test-method status="PASS" signature="report()[pri:0, instance:com.demoaut.testcases.LoginTest@2df32bf7]" name="report" is-config="true" duration-ms="4946" started-at="2020-04-29T19:04:58Z" finished-at="2020-04-29T19:05:03Z">
          <reporter-output>
          </reporter-output>
        </test-method> <!-- report -->
      </class> <!-- com.demoaut.testcases.LoginTest -->
    </test> <!-- Mercury Tours App Test Cases -->
  </suite> <!-- Mercury Tours Flight Booking Application -->
</testng-results>
