<?xml version="1.0" encoding="UTF-8"?>
<!-- Generated by org.testng.reporters.JUnitXMLReporter -->
<testsuite hostname="A2ML24415" ignored="0" name="Mercury Tours App Test Cases" tests="3" failures="0" timestamp="27 Apr 2020 09:09:40 GMT" time="84.841" errors="0">
  <testcase name="BookReturnticketTest" time="9.981" classname="com.demoaut.testcases.BookReturnTicketTest"/>
  <testcase name="Logintest" time="17.021" classname="com.demoaut.testcases.LoginTest"/>
  <testcase name="Logintest_falseValidate" time="2.977" classname="com.demoaut.testcases.LoginTest"/>
</testsuite> <!-- Mercury Tours App Test Cases -->
